<?xml version="1.0" encoding="UTF-8"?>
<!-- Generated by org.testng.reporters.JUnitXMLReporter -->
<testsuite hostname="Manjunath-PC" ignored="0" name="Default test" tests="2" failures="0" timestamp="06 Jul 2018 15:02:28 GMT" time="21.908" errors="0">
  <testcase name="@BeforeClass Setup" time="21.883" classname="pages.circles.life.FbMobile">
    <failure type="org.openqa.selenium.WebDriverException" message="An unknown server-side error occurred while processing the command. Original error: Error occured while starting App. Original error: Error executing adbExec. Original error: &amp;apos;Command &amp;apos;C\:\\Users\\Manjunath\\AppData\\Local\\Android\\sdk\\platform-tools\\adb.exe -P 5037 -s H7AZCY0236333KM shell am start -W -n com.facebook.katana/com.facebook.katana.dbl.activity.FacebookLoginActivity -S&amp;apos; exited with code 4294967295&amp;apos;; Stderr: &amp;apos;Security exception: Permission Denial: starting Intent { flg=0x10000000 cmp=com.facebook.katana/.dbl.activity.FacebookLoginActivity } from null (pid=19314, uid=2000) not exported from uid 10069

java.lang.SecurityException: Permission Denial: starting Intent { flg=0x10000000 cmp=com.facebook.katana/.dbl.activity.FacebookLoginActivity } from null (pid=19314, uid=2000) not exported from uid 10069
	at com.android.server.am.ActivityStackSupervisor.checkStartAnyActivityPermission(ActivityStackSupervisor.java:1638)
	at com.android.server.am.ActivityStarter.startActivity(ActivityStarter.java:457)
	at com.android.server.am.ActivityStarter.startActivityLocked(ActivityStarter.java:298)
	at com.android.server.am.ActivityStarter.startActivityMayWait(ActivityStarter.java:986)
	at com.android.server.am.ActivityManagerService.startActivityAndWait(ActivityManagerService.java:4785)
	at com.android.server.am.ActivityManagerShellCommand.runStartActivity(ActivityManagerShellCommand.java:405)
	at com.android.server.am.ActivityManagerShellCommand.onCommand(ActivityManagerShellCommand.java:141)
	at android.os.ShellCommand.exec(ShellCommand.java:96)
	at com.android.server.am.ActivityManagerService.onShellCommand(ActivityManagerService.java:15247)
	at android.os.Binder.shellCommand(Binder.java:573)
	at android.os.Binder.onTransact(Binder.java:473)
	at android.app.IActivityManager$Stub.onTransact(IActivityManager.java:4290)
	at com.android.server.am.ActivityManagerService.onTransact(ActivityManagerService.java:3056)
	at android.os.Binder.execTransact(Binder.java:674)&amp;apos;; Code: &amp;apos;4294967295&amp;apos; (WARNING: The server did not provide any stacktrace information)
Command duration or timeout: 21.26 seconds
Build info: version: &amp;apos;3.7.1&amp;apos;, revision: &amp;apos;8a0099a&amp;apos;, time: &amp;apos;2017-11-06T21:07:31.527Z&amp;apos;
System info: host: &amp;apos;MANJUNATH-PC&amp;apos;, ip: &amp;apos;172.16.69.7&amp;apos;, os.name: &amp;apos;Windows 7&amp;apos;, os.arch: &amp;apos;amd64&amp;apos;, os.version: &amp;apos;6.1&amp;apos;, java.version: &amp;apos;1.8.0_141&amp;apos;
Driver info: driver.version: RemoteWebDriver">
      <![CDATA[org.openqa.selenium.WebDriverException: An unknown server-side error occurred while processing the command. Original error: Error occured while starting App. Original error: Error executing adbExec. Original error: 'Command 'C\:\\Users\\Manjunath\\AppData\\Local\\Android\\sdk\\platform-tools\\adb.exe -P 5037 -s H7AZCY0236333KM shell am start -W -n com.facebook.katana/com.facebook.katana.dbl.activity.FacebookLoginActivity -S' exited with code 4294967295'; Stderr: 'Security exception: Permission Denial: starting Intent { flg=0x10000000 cmp=com.facebook.katana/.dbl.activity.FacebookLoginActivity } from null (pid=19314, uid=2000) not exported from uid 10069

java.lang.SecurityException: Permission Denial: starting Intent { flg=0x10000000 cmp=com.facebook.katana/.dbl.activity.FacebookLoginActivity } from null (pid=19314, uid=2000) not exported from uid 10069
	at com.android.server.am.ActivityStackSupervisor.checkStartAnyActivityPermission(ActivityStackSupervisor.java:1638)
	at com.android.server.am.ActivityStarter.startActivity(ActivityStarter.java:457)
	at com.android.server.am.ActivityStarter.startActivityLocked(ActivityStarter.java:298)
	at com.android.server.am.ActivityStarter.startActivityMayWait(ActivityStarter.java:986)
	at com.android.server.am.ActivityManagerService.startActivityAndWait(ActivityManagerService.java:4785)
	at com.android.server.am.ActivityManagerShellCommand.runStartActivity(ActivityManagerShellCommand.java:405)
	at com.android.server.am.ActivityManagerShellCommand.onCommand(ActivityManagerShellCommand.java:141)
	at android.os.ShellCommand.exec(ShellCommand.java:96)
	at com.android.server.am.ActivityManagerService.onShellCommand(ActivityManagerService.java:15247)
	at android.os.Binder.shellCommand(Binder.java:573)
	at android.os.Binder.onTransact(Binder.java:473)
	at android.app.IActivityManager$Stub.onTransact(IActivityManager.java:4290)
	at com.android.server.am.ActivityManagerService.onTransact(ActivityManagerService.java:3056)
	at android.os.Binder.execTransact(Binder.java:674)'; Code: '4294967295' (WARNING: The server did not provide any stacktrace information)
Command duration or timeout: 21.26 seconds
Build info: version: '3.7.1', revision: '8a0099a', time: '2017-11-06T21:07:31.527Z'
System info: host: 'MANJUNATH-PC', ip: '172.16.69.7', os.name: 'Windows 7', os.arch: 'amd64', os.version: '6.1', java.version: '1.8.0_141'
Driver info: driver.version: RemoteWebDriver
	at sun.reflect.NativeConstructorAccessorImpl.newInstance0(Native Method)
	at sun.reflect.NativeConstructorAccessorImpl.newInstance(NativeConstructorAccessorImpl.java:62)
	at sun.reflect.DelegatingConstructorAccessorImpl.newInstance(DelegatingConstructorAccessorImpl.java:45)
	at java.lang.reflect.Constructor.newInstance(Constructor.java:423)
	at org.openqa.selenium.remote.ErrorHandler.createThrowable(ErrorHandler.java:214)
	at org.openqa.selenium.remote.ErrorHandler.throwIfResponseFailed(ErrorHandler.java:166)
	at org.openqa.selenium.remote.JsonWireProtocolResponse.lambda$new$0(JsonWireProtocolResponse.java:53)
	at org.openqa.selenium.remote.JsonWireProtocolResponse.lambda$getResponseFunction$2(JsonWireProtocolResponse.java:91)
	at org.openqa.selenium.remote.ProtocolHandshake.lambda$createSession$0(ProtocolHandshake.java:123)
	at java.util.stream.ReferencePipeline$3$1.accept(ReferencePipeline.java:193)
	at java.util.Spliterators$ArraySpliterator.tryAdvance(Spliterators.java:958)
	at java.util.stream.ReferencePipeline.forEachWithCancel(ReferencePipeline.java:126)
	at java.util.stream.AbstractPipeline.copyIntoWithCancel(AbstractPipeline.java:498)
	at java.util.stream.AbstractPipeline.copyInto(AbstractPipeline.java:485)
	at java.util.stream.AbstractPipeline.wrapAndCopyInto(AbstractPipeline.java:471)
	at java.util.stream.FindOps$FindOp.evaluateSequential(FindOps.java:152)
	at java.util.stream.AbstractPipeline.evaluate(AbstractPipeline.java:234)
	at java.util.stream.ReferencePipeline.findFirst(ReferencePipeline.java:464)
	at org.openqa.selenium.remote.ProtocolHandshake.createSession(ProtocolHandshake.java:126)
	at org.openqa.selenium.remote.ProtocolHandshake.createSession(ProtocolHandshake.java:73)
	at org.openqa.selenium.remote.HttpCommandExecutor.execute(HttpCommandExecutor.java:142)
	at org.openqa.selenium.remote.RemoteWebDriver.execute(RemoteWebDriver.java:600)
	at org.openqa.selenium.remote.RemoteWebDriver.startSession(RemoteWebDriver.java:219)
	at org.openqa.selenium.remote.RemoteWebDriver.<init>(RemoteWebDriver.java:142)
	at org.openqa.selenium.remote.RemoteWebDriver.<init>(RemoteWebDriver.java:155)
	at pages.circles.life.FbMobile.Setup(FbMobile.java:50)
	at sun.reflect.NativeMethodAccessorImpl.invoke0(Native Method)
	at sun.reflect.NativeMethodAccessorImpl.invoke(NativeMethodAccessorImpl.java:62)
	at sun.reflect.DelegatingMethodAccessorImpl.invoke(DelegatingMethodAccessorImpl.java:43)
	at java.lang.reflect.Method.invoke(Method.java:498)
	at org.testng.internal.MethodInvocationHelper.invokeMethod(MethodInvocationHelper.java:108)
	at org.testng.internal.Invoker.invokeConfigurationMethod(Invoker.java:523)
	at org.testng.internal.Invoker.invokeConfigurations(Invoker.java:224)
	at org.testng.internal.Invoker.invokeConfigurations(Invoker.java:146)
	at org.testng.internal.TestMethodWorker.invokeBeforeClassMethods(TestMethodWorker.java:166)
	at org.testng.internal.TestMethodWorker.run(TestMethodWorker.java:105)
	at org.testng.TestRunner.privateRun(TestRunner.java:744)
	at org.testng.TestRunner.run(TestRunner.java:602)
	at org.testng.SuiteRunner.runTest(SuiteRunner.java:380)
	at org.testng.SuiteRunner.runSequentially(SuiteRunner.java:375)
	at org.testng.SuiteRunner.privateRun(SuiteRunner.java:340)
	at org.testng.SuiteRunner.run(SuiteRunner.java:289)
	at org.testng.SuiteRunnerWorker.runSuite(SuiteRunnerWorker.java:52)
	at org.testng.SuiteRunnerWorker.run(SuiteRunnerWorker.java:86)
	at org.testng.TestNG.runSuitesSequentially(TestNG.java:1301)
	at org.testng.TestNG.runSuitesLocally(TestNG.java:1226)
	at org.testng.TestNG.runSuites(TestNG.java:1144)
	at org.testng.TestNG.run(TestNG.java:1115)
	at org.testng.remote.AbstractRemoteTestNG.run(AbstractRemoteTestNG.java:132)
	at org.testng.remote.RemoteTestNG.initAndRun(RemoteTestNG.java:230)
	at org.testng.remote.RemoteTestNG.main(RemoteTestNG.java:76)
]]>
    </failure>
  </testcase> <!-- @BeforeClass Setup -->
  <testcase name="@AfterClass afterClass" time="0.0" classname="pages.circles.life.FbMobile">
    <skipped/>
  </testcase> <!-- @AfterClass afterClass -->
  <testcase name="loginMobile" time="0.0" classname="pages.circles.life.FbMobile">
    <skipped/>
  </testcase> <!-- loginMobile -->
  <testcase name="verifyComment" time="0.0" classname="pages.circles.life.FbMobile">
    <skipped/>
  </testcase> <!-- verifyComment -->
</testsuite> <!-- Default test -->
