<?xml version="1.0" encoding="UTF-8"?>
<testng-results skipped="0" failed="0" ignored="0" total="2" passed="2">
  <reporter-output>
  </reporter-output>
  <suite name="Default suite" duration-ms="35205" started-at="2018-07-06T10:37:57Z" finished-at="2018-07-06T10:38:32Z">
    <groups>
    </groups>
    <test name="Default test" duration-ms="35205" started-at="2018-07-06T10:37:57Z" finished-at="2018-07-06T10:38:32Z">
      <class name="pages.circles.life.CirclesTestCaller">
        <test-method status="PASS" signature="Setup()[pri:0, instance:pages.circles.life.CirclesTestCaller@49993335]" name="Setup" is-config="true" duration-ms="17808" started-at="2018-07-06T16:07:57Z" finished-at="2018-07-06T16:08:15Z">
          <reporter-output>
          </reporter-output>
        </test-method> <!-- Setup -->
        <test-method status="PASS" signature="login()[pri:0, instance:pages.circles.life.CirclesTestCaller@49993335]" name="login" duration-ms="13248" started-at="2018-07-06T16:08:15Z" finished-at="2018-07-06T16:08:28Z">
          <reporter-output>
          </reporter-output>
        </test-method> <!-- login -->
        <test-method status="PASS" signature="verifyEmail()[pri:0, instance:pages.circles.life.CirclesTestCaller@49993335]" name="verifyEmail" duration-ms="3149" started-at="2018-07-06T16:08:28Z" depends-on-methods="pages.circles.life.CirclesTestCaller.login" finished-at="2018-07-06T16:08:31Z">
          <reporter-output>
          </reporter-output>
        </test-method> <!-- verifyEmail -->
        <test-method status="PASS" signature="afterClass()[pri:0, instance:pages.circles.life.CirclesTestCaller@49993335]" name="afterClass" is-config="true" duration-ms="981" started-at="2018-07-06T16:08:31Z" finished-at="2018-07-06T16:08:32Z">
          <reporter-output>
          </reporter-output>
        </test-method> <!-- afterClass -->
      </class> <!-- pages.circles.life.CirclesTestCaller -->
    </test> <!-- Default test -->
  </suite> <!-- Default suite -->
</testng-results>
