<?xml version="1.0" encoding="UTF-8"?>
<!-- Generated by org.testng.reporters.JUnitXMLReporter -->
<testsuite hostname="Manjunath-PC" ignored="0" name="Circles Test" tests="2" failures="1" timestamp="01 Aug 2018 12:46:10 GMT" time="14.192" errors="0">
  <testcase name="login" time="0.003" classname="pages.circles.life.CirclesTestCaller">
    <failure type="java.lang.NoClassDefFoundError" message="org/apache/poi/xssf/usermodel/XSSFWorkbook">
      <![CDATA[java.lang.NoClassDefFoundError: org/apache/poi/xssf/usermodel/XSSFWorkbook
at Generic.ExcelData.<init>(ExcelData.java:26)
at pages.circles.life.CirclesTestCaller.login(CirclesTestCaller.java:48)
Caused by: java.lang.ClassNotFoundException: org.apache.poi.xssf.usermodel.XSSFWorkbook
at java.net.URLClassLoader.findClass(URLClassLoader.java:381)
at java.lang.ClassLoader.loadClass(ClassLoader.java:424)
at sun.misc.Launcher$AppClassLoader.loadClass(Launcher.java:335)
at java.lang.ClassLoader.loadClass(ClassLoader.java:357)
... 31 more
... Removed 29 stack frames]]>
    </failure>
  </testcase> <!-- login -->
  <testcase name="verifyEmail" time="0.0" classname="pages.circles.life.CirclesTestCaller">
    <skipped/>
  </testcase> <!-- verifyEmail -->
</testsuite> <!-- Circles Test -->
