<?xml version="1.0" encoding="UTF-8"?>
<!-- Generated by org.testng.reporters.JUnitXMLReporter -->
<testsuite hostname="Manjunath-PC" ignored="0" name="FB" tests="2" failures="1" timestamp="01 Aug 2018 12:46:18 GMT" time="8.591" errors="0">
  <testcase name="login" time="0.001" classname="pages.circles.life.FbWebTest">
    <failure type="java.lang.NoClassDefFoundError" message="org/apache/poi/xssf/usermodel/XSSFWorkbook">
      <![CDATA[java.lang.NoClassDefFoundError: org/apache/poi/xssf/usermodel/XSSFWorkbook
at Generic.ExcelData.<init>(ExcelData.java:26)
at pages.circles.life.FbWebTest.login(FbWebTest.java:45)
... Removed 29 stack frames]]>
    </failure>
  </testcase> <!-- login -->
  <testcase name="postComment" time="0.0" classname="pages.circles.life.FbWebTest">
    <skipped/>
  </testcase> <!-- postComment -->
</testsuite> <!-- FB -->
